
ORB-SLAM2 Copyright (C) 2014-2016 Raul Mur-Artal, University of Zaragoza.
This program comes with ABSOLUTELY NO WARRANTY;
This is free software, and you are welcome to redistribute it
under certain conditions. See LICENSE.txt.

Input sensor was set to: Monocular

Loading ORB Vocabulary. This could take a while...
Vocabulary loaded!


Camera Parameters: 
- fx: 577.871
- fy: 577.871
- cx: 319.5
- cy: 239.5
- k1: 0
- k2: 0
- p1: 0
- p2: 0
- fps: 30
- color order: BGR (ignored if grayscale)

ORB Extractor Parameters: 
- Number of Features: 1000
- Scale Levels: 8
- Scale Factor: 1.2
- Initial Fast Threshold: 10
- Minimum Fast Threshold: 5
时间序列是：0 
时间序列是：1 
时间序列是：2 
时间序列是：3 
时间序列是：4 
时间序列是：5 
时间序列是：6 
时间序列是：7 
时间序列是：8 
时间序列是：9 
时间序列是：10 
时间序列是：11 
时间序列是：12 
时间序列是：13 
时间序列是：14 
时间序列是：15 
时间序列是：16 
时间序列是：17 
时间序列是：18 
时间序列是：19 
时间序列是：20 
时间序列是：21 
时间序列是：22 
时间序列是：23 
时间序列是：24 
时间序列是：25 
时间序列是：26 
时间序列是：27 
时间序列是：28 
时间序列是：29 
时间序列是：30 
时间序列是：31 
时间序列是：32 
时间序列是：33 
时间序列是：34 
时间序列是：35 
时间序列是：36 
时间序列是：37 
时间序列是：38 
时间序列是：39 
时间序列是：40 
时间序列是：41 
时间序列是：42 
时间序列是：43 
时间序列是：44 
时间序列是：45 
时间序列是：46 
时间序列是：47 
时间序列是：48 
时间序列是：49 
时间序列是：50 
时间序列是：51 
时间序列是：52 
时间序列是：53 
时间序列是：54 
时间序列是：55 
时间序列是：56 
New Map created with 79 points
Wrong initialization, reseting...
System Reseting
Reseting Local Mapper... done
Reseting Loop Closing... done
Reseting Database... done
时间序列是：57 4 x 4
时间序列是：58 
时间序列是：59 
时间序列是：60 
时间序列是：61 
时间序列是：62 
时间序列是：63 
时间序列是：64 
时间序列是：65 
时间序列是：66 
时间序列是：67 
时间序列是：68 
时间序列是：69 
时间序列是：70 
New Map created with 85 points
Wrong initialization, reseting...
System Reseting
Reseting Local Mapper... done
Reseting Loop Closing... done
Reseting Database... done
时间序列是：71 4 x 4
时间序列是：72 
时间序列是：73 
时间序列是：74 
时间序列是：75 
时间序列是：76 
时间序列是：77 
时间序列是：78 
时间序列是：79 
时间序列是：80 
时间序列是：81 
时间序列是：82 
时间序列是：83 
时间序列是：84 
时间序列是：85 
时间序列是：86 
时间序列是：87 
时间序列是：88 
时间序列是：89 
时间序列是：90 
时间序列是：91 
时间序列是：92 
时间序列是：93 
时间序列是：94 
时间序列是：95 
时间序列是：96 
时间序列是：97 
时间序列是：98 
时间序列是：99 
时间序列是：100 
时间序列是：101 
时间序列是：102 
时间序列是：103 
时间序列是：104 
时间序列是：105 
时间序列是：106 
时间序列是：107 
时间序列是：108 
时间序列是：109 
时间序列是：110 
时间序列是：111 
时间序列是：112 
时间序列是：113 
时间序列是：114 
时间序列是：115 
时间序列是：116 
时间序列是：117 
时间序列是：118 
时间序列是：119 
时间序列是：120 
时间序列是：121 
时间序列是：122 
时间序列是：123 
时间序列是：124 
时间序列是：125 
时间序列是：126 
时间序列是：127 
时间序列是：128 
时间序列是：129 
时间序列是：130 
时间序列是：131 
时间序列是：132 
时间序列是：133 
时间序列是：134 
时间序列是：135 
时间序列是：136 
时间序列是：137 
时间序列是：138 
时间序列是：139 
时间序列是：140 
时间序列是：141 
时间序列是：142 
时间序列是：143 
时间序列是：144 
时间序列是：145 
时间序列是：146 
时间序列是：147 
时间序列是：148 
时间序列是：149 
时间序列是：150 
时间序列是：151 
时间序列是：152 
时间序列是：153 
时间序列是：154 
时间序列是：155 
时间序列是：156 
时间序列是：157 
时间序列是：158 
时间序列是：159 
时间序列是：160 
时间序列是：161 
时间序列是：162 
时间序列是：163 
时间序列是：164 
时间序列是：165 
时间序列是：166 
时间序列是：167 
时间序列是：168 
时间序列是：169 
时间序列是：170 
时间序列是：171 
时间序列是：172 
时间序列是：173 
时间序列是：174 
时间序列是：175 
时间序列是：176 
时间序列是：177 
时间序列是：178 
时间序列是：179 
时间序列是：180 
时间序列是：181 
时间序列是：182 
时间序列是：183 
时间序列是：184 
时间序列是：185 
时间序列是：186 
时间序列是：187 
时间序列是：188 
时间序列是：189 
时间序列是：190 
时间序列是：191 
时间序列是：192 
时间序列是：193 
时间序列是：194 
时间序列是：195 
时间序列是：196 
时间序列是：197 
时间序列是：198 
时间序列是：199 
时间序列是：200 
时间序列是：201 
时间序列是：202 
时间序列是：203 
时间序列是：204 
时间序列是：205 
时间序列是：206 
时间序列是：207 
时间序列是：208 
时间序列是：209 
时间序列是：210 
时间序列是：211 
时间序列是：212 
时间序列是：213 
时间序列是：214 
时间序列是：215 
时间序列是：216 
时间序列是：217 
时间序列是：218 
时间序列是：219 
时间序列是：220 
时间序列是：221 
时间序列是：222 
时间序列是：223 
时间序列是：224 
时间序列是：225 
时间序列是：226 
时间序列是：227 
时间序列是：228 
时间序列是：229 
时间序列是：230 
时间序列是：231 
时间序列是：232 
时间序列是：233 
时间序列是：234 
时间序列是：235 
时间序列是：236 
时间序列是：237 
时间序列是：238 
时间序列是：239 
时间序列是：240 
时间序列是：241 
时间序列是：242 
时间序列是：243 
时间序列是：244 
时间序列是：245 
时间序列是：246 
时间序列是：247 
时间序列是：248 
时间序列是：249 
时间序列是：250 
时间序列是：251 
时间序列是：252 
时间序列是：253 
时间序列是：254 
时间序列是：255 
时间序列是：256 
时间序列是：257 
时间序列是：258 
时间序列是：259 
时间序列是：260 
时间序列是：261 
时间序列是：262 
时间序列是：263 
时间序列是：264 
时间序列是：265 
时间序列是：266 
时间序列是：267 
时间序列是：268 
时间序列是：269 
时间序列是：270 
时间序列是：271 
时间序列是：272 
时间序列是：273 
时间序列是：274 
时间序列是：275 
时间序列是：276 
时间序列是：277 
时间序列是：278 
时间序列是：279 
时间序列是：280 
时间序列是：281 
时间序列是：282 
时间序列是：283 
时间序列是：284 
时间序列是：285 
时间序列是：286 
时间序列是：287 
时间序列是：288 
时间序列是：289 
时间序列是：290 
时间序列是：291 
时间序列是：292 
时间序列是：293 
时间序列是：294 
时间序列是：295 
时间序列是：296 
时间序列是：297 
时间序列是：298 
时间序列是：299 
时间序列是：300 
时间序列是：301 
时间序列是：302 
时间序列是：303 
时间序列是：304 
时间序列是：305 
时间序列是：306 
时间序列是：307 
时间序列是：308 
时间序列是：309 
时间序列是：310 
时间序列是：311 
时间序列是：312 
时间序列是：313 
时间序列是：314 
时间序列是：315 
时间序列是：316 
时间序列是：317 
时间序列是：318 
时间序列是：319 
时间序列是：320 
时间序列是：321 
时间序列是：322 
时间序列是：323 
时间序列是：324 
时间序列是：325 
时间序列是：326 
时间序列是：327 
时间序列是：328 
时间序列是：329 
时间序列是：330 
时间序列是：331 
时间序列是：332 
时间序列是：333 
时间序列是：334 
时间序列是：335 
时间序列是：336 
时间序列是：337 
时间序列是：338 
时间序列是：339 
时间序列是：340 
时间序列是：341 
时间序列是：342 
时间序列是：343 
时间序列是：344 
时间序列是：345 
时间序列是：346 
时间序列是：347 
时间序列是：348 
时间序列是：349 
时间序列是：350 
时间序列是：351 
时间序列是：352 
时间序列是：353 
时间序列是：354 
时间序列是：355 
时间序列是：356 
时间序列是：357 
时间序列是：358 
时间序列是：359 
时间序列是：360 
时间序列是：361 
时间序列是：362 
时间序列是：363 
时间序列是：364 
时间序列是：365 
时间序列是：366 
时间序列是：367 
时间序列是：368 
时间序列是：369 
时间序列是：370 
时间序列是：371 
时间序列是：372 
时间序列是：373 
时间序列是：374 
时间序列是：375 
时间序列是：376 
时间序列是：377 
时间序列是：378 
时间序列是：379 
时间序列是：380 
时间序列是：381 
时间序列是：382 
时间序列是：383 
时间序列是：384 
时间序列是：385 
时间序列是：386 
时间序列是：387 
时间序列是：388 
时间序列是：389 
时间序列是：390 
时间序列是：391 
时间序列是：392 
时间序列是：393 
时间序列是：394 
时间序列是：395 
时间序列是：396 
时间序列是：397 
时间序列是：398 
时间序列是：399 
时间序列是：400 
时间序列是：401 
时间序列是：402 
时间序列是：403 
时间序列是：404 
时间序列是：405 
时间序列是：406 
时间序列是：407 
时间序列是：408 
时间序列是：409 
时间序列是：410 
时间序列是：411 
时间序列是：412 
时间序列是：413 
时间序列是：414 
时间序列是：415 
时间序列是：416 
时间序列是：417 
时间序列是：418 
时间序列是：419 
时间序列是：420 
时间序列是：421 
时间序列是：422 
时间序列是：423 
时间序列是：424 
时间序列是：425 
时间序列是：426 
时间序列是：427 
时间序列是：428 
时间序列是：429 
时间序列是：430 
时间序列是：431 
时间序列是：432 
时间序列是：433 
时间序列是：434 
时间序列是：435 
时间序列是：436 
时间序列是：437 
时间序列是：438 
时间序列是：439 
时间序列是：440 
时间序列是：441 
时间序列是：442 
时间序列是：443 
时间序列是：444 
时间序列是：445 
时间序列是：446 
时间序列是：447 
时间序列是：448 
时间序列是：449 
时间序列是：450 
时间序列是：451 
时间序列是：452 
时间序列是：453 
时间序列是：454 
时间序列是：455 
时间序列是：456 
时间序列是：457 
时间序列是：458 
时间序列是：459 
时间序列是：460 
时间序列是：461 
时间序列是：462 
时间序列是：463 
时间序列是：464 
时间序列是：465 
时间序列是：466 
时间序列是：467 
时间序列是：468 
时间序列是：469 
时间序列是：470 
时间序列是：471 
时间序列是：472 
时间序列是：473 
时间序列是：474 
时间序列是：475 
时间序列是：476 
时间序列是：477 
时间序列是：478 
时间序列是：479 
时间序列是：480 
时间序列是：481 
时间序列是：482 
New Map created with 119 points
tracking534测试4 x 4
时间序列是：483 4 x 4
tracking534测试4 x 4
时间序列是：484 4 x 4
tracking534测试4 x 4
时间序列是：485 4 x 4
tracking534测试4 x 4
时间序列是：486 4 x 4
tracking534测试4 x 4
时间序列是：487 4 x 4
tracking534测试4 x 4
时间序列是：488 4 x 4
tracking534测试4 x 4
时间序列是：489 4 x 4
tracking534测试4 x 4
时间序列是：490 4 x 4
tracking534测试4 x 4
时间序列是：491 4 x 4
tracking534测试4 x 4
时间序列是：492 4 x 4
tracking534测试4 x 4
时间序列是：493 4 x 4
tracking534测试4 x 4
时间序列是：494 4 x 4
tracking534测试4 x 4
时间序列是：495 4 x 4
tracking534测试4 x 4
时间序列是：496 4 x 4
tracking534测试4 x 4
时间序列是：497 4 x 4
tracking534测试4 x 4
时间序列是：498 4 x 4
tracking534测试4 x 4
时间序列是：499 4 x 4
tracking534测试4 x 4
时间序列是：500 4 x 4
tracking534测试4 x 4
时间序列是：501 4 x 4
tracking534测试4 x 4
时间序列是：502 4 x 4
tracking534测试4 x 4
时间序列是：503 4 x 4
tracking534测试4 x 4
时间序列是：504 4 x 4
tracking534测试4 x 4
时间序列是：505 4 x 4
tracking534测试4 x 4
时间序列是：506 4 x 4
tracking534测试4 x 4
时间序列是：507 4 x 4
tracking534测试4 x 4
时间序列是：508 4 x 4
tracking534测试4 x 4
时间序列是：509 4 x 4
tracking534测试4 x 4
时间序列是：510 4 x 4
tracking534测试4 x 4
时间序列是：511 4 x 4
tracking534测试4 x 4
时间序列是：512 4 x 4
tracking534测试4 x 4
时间序列是：513 4 x 4
tracking534测试4 x 4
时间序列是：514 4 x 4
tracking534测试4 x 4
时间序列是：515 4 x 4
tracking534测试4 x 4
时间序列是：516 4 x 4
tracking534测试4 x 4
时间序列是：517 4 x 4
tracking534测试4 x 4
时间序列是：518 4 x 4
tracking534测试4 x 4
时间序列是：519 4 x 4
tracking534测试4 x 4
时间序列是：520 4 x 4
tracking534测试4 x 4
时间序列是：521 4 x 4
tracking534测试4 x 4
时间序列是：522 4 x 4
tracking534测试4 x 4
时间序列是：523 4 x 4
tracking534测试4 x 4
时间序列是：524 4 x 4
tracking534测试4 x 4
时间序列是：525 4 x 4
tracking534测试4 x 4
时间序列是：526 4 x 4
tracking534测试4 x 4
时间序列是：527 4 x 4
tracking534测试4 x 4
时间序列是：528 4 x 4
tracking534测试4 x 4
时间序列是：529 4 x 4
tracking534测试4 x 4
时间序列是：530 4 x 4
tracking534测试4 x 4
时间序列是：531 4 x 4
tracking534测试4 x 4
时间序列是：532 4 x 4
tracking534测试4 x 4
时间序列是：533 4 x 4
tracking534测试4 x 4
时间序列是：534 4 x 4
tracking534测试4 x 4
时间序列是：535 4 x 4
tracking534测试4 x 4
时间序列是：536 4 x 4
tracking534测试4 x 4
时间序列是：537 4 x 4
tracking534测试4 x 4
时间序列是：538 4 x 4
tracking534测试4 x 4
时间序列是：539 4 x 4
tracking534测试4 x 4
时间序列是：540 4 x 4
tracking534测试4 x 4
时间序列是：541 4 x 4
tracking534测试4 x 4
时间序列是：542 4 x 4
tracking534测试4 x 4
时间序列是：543 4 x 4
tracking534测试4 x 4
时间序列是：544 4 x 4
tracking534测试4 x 4
时间序列是：545 4 x 4
tracking534测试4 x 4
时间序列是：546 4 x 4
tracking534测试4 x 4
时间序列是：547 4 x 4
tracking534测试4 x 4
时间序列是：548 4 x 4
tracking534测试4 x 4
时间序列是：549 4 x 4
tracking534测试4 x 4
时间序列是：550 4 x 4
tracking534测试4 x 4
时间序列是：551 4 x 4
tracking534测试4 x 4
时间序列是：552 4 x 4
tracking534测试4 x 4
时间序列是：553 4 x 4
tracking534测试4 x 4
时间序列是：554 4 x 4
tracking534测试4 x 4
时间序列是：555 4 x 4
tracking534测试4 x 4
时间序列是：556 4 x 4
tracking534测试4 x 4
时间序列是：557 4 x 4
tracking534测试4 x 4
时间序列是：558 4 x 4
tracking534测试4 x 4
时间序列是：559 4 x 4
tracking534测试4 x 4
时间序列是：560 4 x 4
tracking534测试4 x 4
时间序列是：561 4 x 4
tracking534测试4 x 4
时间序列是：562 4 x 4
tracking534测试4 x 4
时间序列是：563 4 x 4
tracking534测试4 x 4
时间序列是：564 4 x 4
tracking534测试4 x 4
时间序列是：565 4 x 4
tracking534测试4 x 4
时间序列是：566 4 x 4
tracking534测试4 x 4
时间序列是：567 4 x 4
tracking534测试4 x 4
时间序列是：568 4 x 4
tracking534测试4 x 4
时间序列是：569 4 x 4
tracking534测试4 x 4
时间序列是：570 4 x 4
tracking534测试4 x 4
时间序列是：571 4 x 4
tracking534测试4 x 4
时间序列是：572 4 x 4
tracking534测试4 x 4
时间序列是：573 4 x 4
tracking534测试4 x 4
时间序列是：574 4 x 4
tracking534测试4 x 4
时间序列是：575 4 x 4
tracking534测试4 x 4
时间序列是：576 4 x 4
tracking534测试4 x 4
时间序列是：577 4 x 4
tracking534测试4 x 4
时间序列是：578 4 x 4
tracking534测试4 x 4
时间序列是：579 4 x 4
tracking534测试4 x 4
时间序列是：580 4 x 4
tracking534测试4 x 4
时间序列是：581 4 x 4
tracking534测试4 x 4
时间序列是：582 4 x 4
tracking534测试4 x 4
时间序列是：583 4 x 4
tracking534测试4 x 4
时间序列是：584 4 x 4
tracking534测试4 x 4
时间序列是：585 4 x 4
tracking534测试4 x 4
时间序列是：586 4 x 4
tracking534测试4 x 4
时间序列是：587 4 x 4
tracking534测试4 x 4
时间序列是：588 4 x 4
tracking534测试4 x 4
时间序列是：589 4 x 4
tracking534测试4 x 4
时间序列是：590 4 x 4
tracking534测试4 x 4
时间序列是：591 4 x 4
tracking534测试4 x 4
时间序列是：592 4 x 4
tracking534测试4 x 4
时间序列是：593 4 x 4
tracking534测试4 x 4
时间序列是：594 4 x 4
tracking534测试4 x 4
时间序列是：595 4 x 4
tracking534测试4 x 4
时间序列是：596 4 x 4
tracking534测试4 x 4
时间序列是：597 4 x 4
tracking534测试4 x 4
时间序列是：598 4 x 4
tracking534测试4 x 4
时间序列是：599 4 x 4
tracking534测试4 x 4
时间序列是：600 4 x 4
tracking534测试4 x 4
时间序列是：601 4 x 4
tracking534测试4 x 4
时间序列是：602 4 x 4
tracking534测试4 x 4
时间序列是：603 4 x 4
tracking534测试4 x 4
时间序列是：604 4 x 4
tracking534测试4 x 4
时间序列是：605 4 x 4
tracking534测试4 x 4
时间序列是：606 4 x 4
tracking534测试4 x 4
时间序列是：607 4 x 4
tracking534测试4 x 4
时间序列是：608 4 x 4
tracking534测试4 x 4
时间序列是：609 4 x 4
tracking534测试4 x 4
时间序列是：610 4 x 4
tracking534测试4 x 4
时间序列是：611 4 x 4
tracking534测试4 x 4
时间序列是：612 4 x 4
tracking534测试4 x 4
时间序列是：613 4 x 4
tracking534测试4 x 4
时间序列是：614 4 x 4
tracking534测试4 x 4
时间序列是：615 4 x 4
tracking534测试4 x 4
时间序列是：616 4 x 4
tracking534测试4 x 4
时间序列是：617 4 x 4
tracking534测试4 x 4
时间序列是：618 4 x 4
tracking534测试4 x 4
时间序列是：619 4 x 4
tracking534测试4 x 4
时间序列是：620 4 x 4
tracking534测试4 x 4
时间序列是：621 4 x 4
tracking534测试4 x 4
时间序列是：622 4 x 4
tracking534测试4 x 4
时间序列是：623 4 x 4
tracking534测试4 x 4
时间序列是：624 4 x 4
tracking534测试4 x 4
时间序列是：625 4 x 4
tracking534测试4 x 4
时间序列是：626 4 x 4
tracking534测试4 x 4
时间序列是：627 4 x 4
tracking534测试4 x 4
时间序列是：628 4 x 4
tracking534测试4 x 4
时间序列是：629 4 x 4
tracking534测试4 x 4
时间序列是：630 4 x 4
tracking534测试4 x 4
时间序列是：631 4 x 4
tracking534测试4 x 4
时间序列是：632 4 x 4
tracking534测试4 x 4
时间序列是：633 4 x 4
tracking534测试4 x 4
时间序列是：634 4 x 4
tracking534测试4 x 4
时间序列是：635 4 x 4
tracking534测试4 x 4
时间序列是：636 4 x 4
tracking534测试4 x 4
时间序列是：637 4 x 4
tracking534测试4 x 4
时间序列是：638 4 x 4
tracking534测试4 x 4
时间序列是：639 4 x 4
tracking534测试4 x 4
时间序列是：640 4 x 4
tracking534测试4 x 4
时间序列是：641 4 x 4
tracking534测试4 x 4
时间序列是：642 4 x 4
tracking534测试4 x 4
时间序列是：643 4 x 4
tracking534测试4 x 4
时间序列是：644 4 x 4
tracking534测试4 x 4
时间序列是：645 4 x 4
tracking534测试4 x 4
时间序列是：646 4 x 4
tracking534测试4 x 4
时间序列是：647 4 x 4
tracking534测试4 x 4
时间序列是：648 4 x 4
tracking534测试4 x 4
时间序列是：649 4 x 4
tracking534测试4 x 4
时间序列是：650 4 x 4
tracking534测试4 x 4
时间序列是：651 4 x 4
tracking534测试4 x 4
时间序列是：652 4 x 4
tracking534测试4 x 4
时间序列是：653 4 x 4
tracking534测试4 x 4
时间序列是：654 4 x 4
tracking534测试4 x 4
时间序列是：655 4 x 4
tracking534测试4 x 4
时间序列是：656 4 x 4
tracking534测试4 x 4
时间序列是：657 4 x 4
tracking534测试4 x 4
时间序列是：658 4 x 4
tracking534测试4 x 4
时间序列是：659 4 x 4
tracking534测试4 x 4
时间序列是：660 4 x 4
tracking534测试4 x 4
时间序列是：661 4 x 4
tracking534测试4 x 4
时间序列是：662 4 x 4
tracking534测试4 x 4
时间序列是：663 4 x 4
tracking534测试4 x 4
时间序列是：664 4 x 4
tracking534测试4 x 4
时间序列是：665 4 x 4
tracking534测试4 x 4
时间序列是：666 4 x 4
tracking534测试4 x 4
时间序列是：667 4 x 4
tracking534测试4 x 4
时间序列是：668 4 x 4
tracking534测试4 x 4
时间序列是：669 4 x 4
tracking534测试4 x 4
时间序列是：670 4 x 4
tracking534测试4 x 4
时间序列是：671 4 x 4
tracking534测试4 x 4
时间序列是：672 4 x 4
tracking534测试4 x 4
时间序列是：673 4 x 4
tracking534测试4 x 4
时间序列是：674 4 x 4
tracking534测试4 x 4
时间序列是：675 4 x 4
tracking534测试4 x 4
时间序列是：676 4 x 4
tracking534测试4 x 4
时间序列是：677 4 x 4
tracking534测试4 x 4
时间序列是：678 4 x 4
tracking534测试4 x 4
时间序列是：679 4 x 4
tracking534测试4 x 4
时间序列是：680 4 x 4
tracking534测试4 x 4
时间序列是：681 4 x 4
tracking534测试4 x 4
时间序列是：682 4 x 4
tracking534测试4 x 4
时间序列是：683 4 x 4
tracking534测试4 x 4
时间序列是：684 4 x 4
tracking534测试4 x 4
时间序列是：685 4 x 4
tracking534测试4 x 4
时间序列是：686 4 x 4
tracking534测试4 x 4
时间序列是：687 4 x 4
tracking534测试4 x 4
时间序列是：688 4 x 4
tracking534测试4 x 4
时间序列是：689 4 x 4
tracking534测试4 x 4
时间序列是：690 4 x 4
tracking534测试4 x 4
时间序列是：691 4 x 4
tracking534测试4 x 4
时间序列是：692 4 x 4
tracking534测试4 x 4
时间序列是：693 4 x 4
tracking534测试4 x 4
时间序列是：694 4 x 4
tracking534测试4 x 4
时间序列是：695 4 x 4
tracking534测试4 x 4
时间序列是：696 4 x 4
tracking534测试4 x 4
时间序列是：697 4 x 4
tracking534测试4 x 4
时间序列是：698 4 x 4
tracking534测试4 x 4
时间序列是：699 4 x 4
tracking534测试4 x 4
时间序列是：700 4 x 4
tracking534测试4 x 4
时间序列是：701 4 x 4
tracking534测试4 x 4
时间序列是：702 4 x 4
tracking534测试4 x 4
时间序列是：703 4 x 4
tracking534测试4 x 4
时间序列是：704 4 x 4
tracking534测试4 x 4
时间序列是：705 4 x 4
tracking534测试4 x 4
时间序列是：706 4 x 4
tracking534测试4 x 4
时间序列是：707 4 x 4
tracking534测试4 x 4
时间序列是：708 4 x 4
tracking534测试4 x 4
时间序列是：709 4 x 4
tracking534测试4 x 4
时间序列是：710 4 x 4
tracking534测试4 x 4
时间序列是：711 4 x 4
tracking534测试4 x 4
时间序列是：712 4 x 4
tracking534测试4 x 4
时间序列是：713 4 x 4
tracking534测试4 x 4
时间序列是：714 4 x 4
tracking534测试4 x 4
时间序列是：715 4 x 4
tracking534测试4 x 4
时间序列是：716 4 x 4
tracking534测试4 x 4
时间序列是：717 4 x 4
tracking534测试4 x 4
时间序列是：718 4 x 4
tracking534测试4 x 4
时间序列是：719 4 x 4
tracking534测试4 x 4
时间序列是：720 4 x 4
tracking534测试4 x 4
时间序列是：721 4 x 4
tracking534测试4 x 4
时间序列是：722 4 x 4
tracking534测试4 x 4
时间序列是：723 4 x 4
tracking534测试4 x 4
时间序列是：724 4 x 4
tracking534测试4 x 4
时间序列是：725 4 x 4
tracking534测试4 x 4
时间序列是：726 4 x 4
tracking534测试4 x 4
时间序列是：727 4 x 4
tracking534测试4 x 4
时间序列是：728 4 x 4
tracking534测试4 x 4
时间序列是：729 4 x 4
tracking534测试4 x 4
时间序列是：730 4 x 4
tracking534测试4 x 4
时间序列是：731 4 x 4
tracking534测试4 x 4
时间序列是：732 4 x 4
tracking534测试4 x 4
时间序列是：733 4 x 4
tracking534测试4 x 4
时间序列是：734 4 x 4
tracking534测试4 x 4
时间序列是：735 4 x 4
tracking534测试4 x 4
时间序列是：736 4 x 4
tracking534测试4 x 4
时间序列是：737 4 x 4
tracking534测试4 x 4
时间序列是：738 4 x 4
tracking534测试4 x 4
时间序列是：739 4 x 4
tracking534测试4 x 4
时间序列是：740 4 x 4
tracking534测试4 x 4
时间序列是：741 4 x 4
tracking534测试4 x 4
时间序列是：742 4 x 4
tracking534测试4 x 4
时间序列是：743 4 x 4
tracking534测试4 x 4
时间序列是：744 4 x 4
tracking534测试4 x 4
时间序列是：745 4 x 4
tracking534测试4 x 4
时间序列是：746 4 x 4
tracking534测试4 x 4
时间序列是：747 4 x 4
tracking534测试4 x 4
时间序列是：748 4 x 4
tracking534测试4 x 4
时间序列是：749 4 x 4
tracking534测试4 x 4
时间序列是：750 4 x 4
tracking534测试4 x 4
时间序列是：751 4 x 4
tracking534测试4 x 4
时间序列是：752 4 x 4
tracking534测试4 x 4
时间序列是：753 4 x 4
tracking534测试4 x 4
时间序列是：754 4 x 4
tracking534测试4 x 4
时间序列是：755 4 x 4
tracking534测试4 x 4
时间序列是：756 4 x 4
tracking534测试4 x 4
时间序列是：757 4 x 4
tracking534测试4 x 4
时间序列是：758 4 x 4
tracking534测试4 x 4
时间序列是：759 4 x 4
tracking534测试4 x 4
时间序列是：760 4 x 4
tracking534测试4 x 4
时间序列是：761 4 x 4
tracking534测试4 x 4
时间序列是：762 4 x 4
tracking534测试4 x 4
时间序列是：763 4 x 4
tracking534测试4 x 4
时间序列是：764 4 x 4
tracking534测试4 x 4
时间序列是：765 4 x 4
tracking534测试4 x 4
时间序列是：766 4 x 4
tracking534测试4 x 4
时间序列是：767 4 x 4
tracking534测试4 x 4
时间序列是：768 4 x 4
tracking534测试4 x 4
时间序列是：769 4 x 4
tracking534测试4 x 4
时间序列是：770 4 x 4
tracking534测试4 x 4
时间序列是：771 4 x 4
tracking534测试4 x 4
时间序列是：772 4 x 4
tracking534测试4 x 4
时间序列是：773 4 x 4
tracking534测试4 x 4
时间序列是：774 4 x 4
tracking534测试4 x 4
时间序列是：775 4 x 4
tracking534测试4 x 4
时间序列是：776 4 x 4
tracking534测试4 x 4
时间序列是：777 4 x 4
tracking534测试4 x 4
时间序列是：778 4 x 4
tracking534测试4 x 4
时间序列是：779 4 x 4
tracking534测试4 x 4
时间序列是：780 4 x 4
tracking534测试4 x 4
时间序列是：781 4 x 4
tracking534测试4 x 4
时间序列是：782 4 x 4
tracking534测试4 x 4
时间序列是：783 4 x 4
目前有效帧数：301

Saving keyframe trajectory to scan_0.txt ...

trajectory saved!

all frames trajectory saved!
